2025-04-04 01:01:26 [main] INFO  Server - Сервер успешно запущен!
2025-04-04 01:01:26 [main] INFO  Server - Server started on port 12345
2025-04-04 01:01:33 [main] INFO  Server - Команда успешно десериализована!
2025-04-04 01:04:23 [main] INFO  Server - Сервер успешно запущен!
2025-04-04 01:04:23 [main] INFO  Server - Server started on port 12345
2025-04-04 01:04:34 [main] INFO  Server - Команда успешно десериализована!
2025-04-04 01:06:19 [main] INFO  Server - Сервер успешно запущен!
2025-04-04 01:06:19 [main] INFO  Server - Server started on port 12345
2025-04-04 01:06:26 [main] INFO  Server - Команда успешно десериализована!
2025-04-04 01:07:17 [main] INFO  Server - Сервер успешно запущен!
2025-04-04 01:07:17 [main] INFO  Server - Server started on port 12345
2025-04-04 01:07:32 [main] INFO  Server - Команда успешно десериализована!
2025-04-04 01:08:58 [main] INFO  Server - Сервер успешно запущен!
2025-04-04 01:08:58 [main] INFO  Server - Server started on port 12345
2025-04-04 01:09:04 [main] INFO  Server - Команда успешно десериализована!
2025-04-04 01:11:14 [main] INFO  Server - Сервер успешно запущен!
2025-04-04 01:11:14 [main] INFO  Server - Server started on port 12345
2025-04-04 01:11:34 [main] INFO  Server - Команда успешно десериализована!
2025-04-04 01:14:34 [main] INFO  Server - Сервер успешно запущен!
2025-04-04 01:14:34 [main] INFO  Server - Server started on port 12345
2025-04-04 01:15:02 [main] INFO  Server - Команда успешно десериализована!
2025-04-04 01:18:43 [main] INFO  Server - Сервер успешно запущен!
2025-04-04 01:18:43 [main] INFO  Server - Server started on port 12345
2025-04-04 01:18:59 [main] INFO  Server - Команда успешно десериализована!
2025-04-04 01:20:28 [main] INFO  Server - Сервер успешно запущен!
2025-04-04 01:20:28 [main] INFO  Server - Server started on port 12345
2025-04-04 01:20:35 [main] INFO  Server - Команда успешно десериализована!
2025-04-04 01:21:13 [main] INFO  Server - Сервер успешно запущен!
2025-04-04 01:21:13 [main] INFO  Server - Server started on port 12345
2025-04-04 01:21:18 [main] INFO  Server - Команда успешно десериализована!
2025-04-04 01:26:06 [main] INFO  Server - Сервер успешно запущен!
2025-04-04 01:26:06 [main] INFO  Server - Server started on port 12345
2025-04-04 01:26:14 [main] INFO  Server - Команда успешно десериализована!
2025-04-04 01:26:14 [main] INFO  Server - Команда обработана!
2025-04-04 01:26:14 [main] INFO  Server - Ответ успешно сериализован!
2025-04-04 01:26:14 [main] INFO  Server - Отправлен ответ серверу!
2025-04-04 01:26:47 [main] INFO  Server - Команда успешно десериализована!
2025-04-04 01:26:47 [main] INFO  Server - Команда обработана!
2025-04-04 01:26:47 [main] INFO  Server - Ответ успешно сериализован!
2025-04-04 01:26:47 [main] INFO  Server - Отправлен ответ серверу!
2025-04-04 01:26:49 [main] INFO  Server - Команда успешно десериализована!
2025-04-04 01:26:49 [main] INFO  Server - Команда обработана!
2025-04-04 01:26:49 [main] INFO  Server - Ответ успешно сериализован!
2025-04-04 01:26:49 [main] INFO  Server - Отправлен ответ серверу!
2025-04-04 01:26:56 [main] INFO  Server - Команда успешно десериализована!
2025-04-04 01:26:56 [main] INFO  Server - Команда обработана!
2025-04-04 01:26:56 [main] INFO  Server - Ответ успешно сериализован!
2025-04-04 01:26:56 [main] INFO  Server - Отправлен ответ серверу!
2025-04-04 01:26:58 [main] INFO  Server - Команда успешно десериализована!
2025-04-04 01:26:58 [main] INFO  Server - Команда обработана!
2025-04-04 01:26:58 [main] INFO  Server - Ответ успешно сериализован!
2025-04-04 01:26:58 [main] INFO  Server - Отправлен ответ серверу!
2025-04-04 01:27:20 [main] INFO  Server - Команда успешно десериализована!
2025-04-04 01:27:20 [main] INFO  Server - Команда обработана!
2025-04-04 01:27:20 [main] INFO  Server - Ответ успешно сериализован!
2025-04-04 01:27:20 [main] INFO  Server - Отправлен ответ серверу!
2025-04-04 01:27:30 [main] INFO  Server - Команда успешно десериализована!
2025-04-04 01:27:30 [main] INFO  Server - Команда обработана!
2025-04-04 01:27:30 [main] INFO  Server - Ответ успешно сериализован!
2025-04-04 01:27:30 [main] INFO  Server - Отправлен ответ серверу!
2025-04-04 01:27:49 [main] INFO  Server - Команда успешно десериализована!
2025-04-04 01:27:49 [main] INFO  Server - Команда обработана!
2025-04-04 01:27:49 [main] INFO  Server - Ответ успешно сериализован!
2025-04-04 01:27:49 [main] INFO  Server - Отправлен ответ серверу!
2025-04-04 01:27:56 [main] INFO  Server - Команда успешно десериализована!
2025-04-04 01:27:56 [main] INFO  Server - Команда обработана!
2025-04-04 01:27:56 [main] INFO  Server - Ответ успешно сериализован!
2025-04-04 01:27:56 [main] INFO  Server - Отправлен ответ серверу!
2025-04-04 01:27:59 [main] INFO  Server - Команда успешно десериализована!
2025-04-04 01:27:59 [main] INFO  Server - Команда обработана!
2025-04-04 01:27:59 [main] INFO  Server - Ответ успешно сериализован!
2025-04-04 01:27:59 [main] INFO  Server - Отправлен ответ серверу!
2025-04-04 01:28:08 [main] INFO  Server - Команда успешно десериализована!
2025-04-04 01:28:58 [main] INFO  Server - Сервер успешно запущен!
2025-04-04 01:28:58 [main] INFO  Server - Server started on port 12345
2025-04-04 01:29:01 [main] INFO  Server - Команда успешно десериализована!
2025-04-04 01:29:10 [main] INFO  Server - Сервер успешно запущен!
2025-04-04 01:29:10 [main] INFO  Server - Server started on port 12345
2025-04-04 01:29:22 [main] INFO  Server - Команда успешно десериализована!
2025-04-04 01:29:22 [main] INFO  Server - Команда обработана!
2025-04-04 01:29:22 [main] INFO  Server - Ответ успешно сериализован!
2025-04-04 01:29:22 [main] INFO  Server - Отправлен ответ серверу!
2025-04-04 01:30:24 [main] INFO  Server - Сервер успешно запущен!
2025-04-04 01:30:24 [main] INFO  Server - Server started on port 12345
2025-04-04 01:30:29 [main] INFO  Server - Команда успешно десериализована!
2025-04-04 01:30:29 [main] INFO  Server - Команда обработана!
2025-04-04 01:30:29 [main] INFO  Server - Ответ успешно сериализован!
2025-04-04 01:30:29 [main] INFO  Server - Отправлен ответ серверу!
2025-04-04 01:30:37 [main] INFO  Server - Команда успешно десериализована!
2025-04-04 01:30:37 [main] INFO  Server - Команда обработана!
2025-04-04 01:30:37 [main] INFO  Server - Ответ успешно сериализован!
2025-04-04 01:30:37 [main] INFO  Server - Отправлен ответ серверу!
2025-04-04 01:47:08 [main] INFO  Server - Сервер успешно запущен!
2025-04-04 01:47:08 [main] INFO  Server - Server started on port 12345
2025-04-04 01:47:18 [main] INFO  Server - Команда успешно десериализована!
2025-04-04 01:47:18 [main] INFO  Server - Команда обработана!
2025-04-04 01:47:18 [main] INFO  Server - Ответ успешно сериализован!
2025-04-04 01:47:18 [main] INFO  Server - Отправлен ответ серверу!
2025-04-04 01:47:25 [main] INFO  Server - Команда успешно десериализована!
2025-04-04 01:47:25 [main] INFO  Server - Команда обработана!
2025-04-04 01:47:25 [main] INFO  Server - Ответ успешно сериализован!
2025-04-04 01:47:25 [main] INFO  Server - Отправлен ответ серверу!
2025-04-04 01:47:25 [main] INFO  Server - Команда успешно десериализована!
2025-04-04 01:47:25 [main] INFO  Server - Команда обработана!
2025-04-04 01:47:25 [main] INFO  Server - Ответ успешно сериализован!
2025-04-04 01:47:25 [main] INFO  Server - Отправлен ответ серверу!
2025-04-04 01:47:28 [main] INFO  Server - Команда успешно десериализована!
2025-04-04 01:47:28 [main] INFO  Server - Команда обработана!
2025-04-04 01:47:28 [main] INFO  Server - Ответ успешно сериализован!
2025-04-04 01:47:28 [main] INFO  Server - Отправлен ответ серверу!
2025-04-04 01:47:28 [main] INFO  Server - Команда успешно десериализована!
2025-04-04 01:47:28 [main] INFO  Server - Команда обработана!
2025-04-04 01:47:28 [main] INFO  Server - Ответ успешно сериализован!
2025-04-04 01:47:28 [main] INFO  Server - Отправлен ответ серверу!
2025-04-04 01:47:37 [main] INFO  Server - Команда успешно десериализована!
2025-04-04 01:47:37 [main] INFO  Server - Команда обработана!
2025-04-04 01:47:37 [main] INFO  Server - Ответ успешно сериализован!
2025-04-04 01:47:37 [main] INFO  Server - Отправлен ответ серверу!
2025-04-04 01:47:37 [main] INFO  Server - Команда успешно десериализована!
2025-04-04 01:47:37 [main] INFO  Server - Команда обработана!
2025-04-04 01:47:37 [main] INFO  Server - Ответ успешно сериализован!
2025-04-04 01:47:37 [main] INFO  Server - Отправлен ответ серверу!
2025-04-04 01:47:43 [main] INFO  Server - Команда успешно десериализована!
2025-04-04 01:47:43 [main] INFO  Server - Команда обработана!
2025-04-04 01:47:43 [main] INFO  Server - Ответ успешно сериализован!
2025-04-04 01:47:43 [main] INFO  Server - Отправлен ответ серверу!
2025-04-04 01:47:43 [main] INFO  Server - Команда успешно десериализована!
2025-04-04 01:47:43 [main] INFO  Server - Команда обработана!
2025-04-04 01:47:43 [main] INFO  Server - Ответ успешно сериализован!
2025-04-04 01:47:43 [main] INFO  Server - Отправлен ответ серверу!
2025-04-04 01:47:45 [main] INFO  Server - Команда успешно десериализована!
2025-04-04 01:47:45 [main] INFO  Server - Команда обработана!
2025-04-04 01:47:45 [main] INFO  Server - Ответ успешно сериализован!
2025-04-04 01:47:45 [main] INFO  Server - Отправлен ответ серверу!
2025-04-04 01:47:45 [main] INFO  Server - Команда успешно десериализована!
2025-04-04 01:47:45 [main] INFO  Server - Команда обработана!
2025-04-04 01:47:45 [main] INFO  Server - Ответ успешно сериализован!
2025-04-04 01:47:45 [main] INFO  Server - Отправлен ответ серверу!
2025-04-04 01:47:47 [main] INFO  Server - Команда успешно десериализована!
2025-04-04 01:47:47 [main] INFO  Server - Команда обработана!
2025-04-04 01:47:47 [main] INFO  Server - Ответ успешно сериализован!
2025-04-04 01:47:47 [main] INFO  Server - Отправлен ответ серверу!
2025-04-04 01:47:47 [main] INFO  Server - Команда успешно десериализована!
2025-04-04 01:47:47 [main] INFO  Server - Команда обработана!
2025-04-04 01:47:47 [main] INFO  Server - Ответ успешно сериализован!
2025-04-04 01:47:47 [main] INFO  Server - Отправлен ответ серверу!
2025-04-04 01:47:48 [main] INFO  Server - Команда успешно десериализована!
2025-04-04 01:47:48 [main] INFO  Server - Команда обработана!
2025-04-04 01:47:48 [main] INFO  Server - Ответ успешно сериализован!
2025-04-04 01:47:48 [main] INFO  Server - Отправлен ответ серверу!
2025-04-04 01:47:48 [main] INFO  Server - Команда успешно десериализована!
2025-04-04 01:47:48 [main] INFO  Server - Команда обработана!
2025-04-04 01:47:48 [main] INFO  Server - Ответ успешно сериализован!
2025-04-04 01:47:48 [main] INFO  Server - Отправлен ответ серверу!
2025-04-04 01:47:49 [main] INFO  Server - Команда успешно десериализована!
2025-04-04 01:47:49 [main] INFO  Server - Команда обработана!
2025-04-04 01:47:49 [main] INFO  Server - Ответ успешно сериализован!
2025-04-04 01:47:49 [main] INFO  Server - Отправлен ответ серверу!
2025-04-04 01:47:49 [main] INFO  Server - Команда успешно десериализована!
2025-04-04 01:47:49 [main] INFO  Server - Команда обработана!
2025-04-04 01:47:49 [main] INFO  Server - Ответ успешно сериализован!
2025-04-04 01:47:49 [main] INFO  Server - Отправлен ответ серверу!
2025-04-04 01:47:50 [main] INFO  Server - Команда успешно десериализована!
2025-04-04 01:47:50 [main] INFO  Server - Команда обработана!
2025-04-04 01:47:50 [main] INFO  Server - Ответ успешно сериализован!
2025-04-04 01:47:50 [main] INFO  Server - Отправлен ответ серверу!
2025-04-04 01:47:50 [main] INFO  Server - Команда успешно десериализована!
2025-04-04 01:47:50 [main] INFO  Server - Команда обработана!
2025-04-04 01:47:50 [main] INFO  Server - Ответ успешно сериализован!
2025-04-04 01:47:50 [main] INFO  Server - Отправлен ответ серверу!
2025-04-04 01:47:52 [main] INFO  Server - Команда успешно десериализована!
2025-04-04 01:47:52 [main] INFO  Server - Команда обработана!
2025-04-04 01:47:52 [main] INFO  Server - Ответ успешно сериализован!
2025-04-04 01:47:52 [main] INFO  Server - Отправлен ответ серверу!
2025-04-04 01:47:52 [main] INFO  Server - Команда успешно десериализована!
2025-04-04 01:47:52 [main] INFO  Server - Команда обработана!
2025-04-04 01:47:52 [main] INFO  Server - Ответ успешно сериализован!
2025-04-04 01:47:52 [main] INFO  Server - Отправлен ответ серверу!
2025-04-04 01:47:53 [main] INFO  Server - Команда успешно десериализована!
2025-04-04 01:47:53 [main] INFO  Server - Команда обработана!
2025-04-04 01:47:53 [main] INFO  Server - Ответ успешно сериализован!
2025-04-04 01:47:53 [main] INFO  Server - Отправлен ответ серверу!
2025-04-04 01:47:53 [main] INFO  Server - Команда успешно десериализована!
2025-04-04 01:47:53 [main] INFO  Server - Команда обработана!
2025-04-04 01:47:53 [main] INFO  Server - Ответ успешно сериализован!
2025-04-04 01:47:53 [main] INFO  Server - Отправлен ответ серверу!
2025-04-04 01:47:54 [main] INFO  Server - Команда успешно десериализована!
2025-04-04 01:47:54 [main] INFO  Server - Команда обработана!
2025-04-04 01:47:54 [main] INFO  Server - Ответ успешно сериализован!
2025-04-04 01:47:54 [main] INFO  Server - Отправлен ответ серверу!
2025-04-04 01:47:54 [main] INFO  Server - Команда успешно десериализована!
2025-04-04 01:47:54 [main] INFO  Server - Команда обработана!
2025-04-04 01:47:54 [main] INFO  Server - Ответ успешно сериализован!
2025-04-04 01:47:54 [main] INFO  Server - Отправлен ответ серверу!
2025-04-04 01:47:54 [main] INFO  Server - Команда успешно десериализована!
2025-04-04 01:47:54 [main] INFO  Server - Команда обработана!
2025-04-04 01:47:54 [main] INFO  Server - Ответ успешно сериализован!
2025-04-04 01:47:54 [main] INFO  Server - Отправлен ответ серверу!
2025-04-04 01:47:54 [main] INFO  Server - Команда успешно десериализована!
2025-04-04 01:47:54 [main] INFO  Server - Команда обработана!
2025-04-04 01:47:54 [main] INFO  Server - Ответ успешно сериализован!
2025-04-04 01:47:54 [main] INFO  Server - Отправлен ответ серверу!
2025-04-04 01:47:54 [main] INFO  Server - Команда успешно десериализована!
2025-04-04 01:47:54 [main] INFO  Server - Команда обработана!
2025-04-04 01:47:54 [main] INFO  Server - Ответ успешно сериализован!
2025-04-04 01:47:54 [main] INFO  Server - Отправлен ответ серверу!
2025-04-04 01:47:54 [main] INFO  Server - Команда успешно десериализована!
2025-04-04 01:47:54 [main] INFO  Server - Команда обработана!
2025-04-04 01:47:54 [main] INFO  Server - Ответ успешно сериализован!
2025-04-04 01:47:54 [main] INFO  Server - Отправлен ответ серверу!
2025-04-04 01:47:55 [main] INFO  Server - Команда успешно десериализована!
2025-04-04 01:47:55 [main] INFO  Server - Команда обработана!
2025-04-04 01:47:55 [main] INFO  Server - Ответ успешно сериализован!
2025-04-04 01:47:55 [main] INFO  Server - Отправлен ответ серверу!
2025-04-04 01:47:55 [main] INFO  Server - Команда успешно десериализована!
2025-04-04 01:47:55 [main] INFO  Server - Команда обработана!
2025-04-04 01:47:55 [main] INFO  Server - Ответ успешно сериализован!
2025-04-04 01:47:55 [main] INFO  Server - Отправлен ответ серверу!
2025-04-04 01:47:59 [main] INFO  Server - Команда успешно десериализована!
2025-04-04 01:47:59 [main] INFO  Server - Команда обработана!
2025-04-04 01:47:59 [main] INFO  Server - Ответ успешно сериализован!
2025-04-04 01:47:59 [main] INFO  Server - Отправлен ответ серверу!
2025-04-04 01:48:08 [main] INFO  Server - Команда успешно десериализована!
2025-04-04 01:48:08 [main] INFO  Server - Команда обработана!
2025-04-04 01:48:08 [main] INFO  Server - Ответ успешно сериализован!
2025-04-04 01:48:08 [main] INFO  Server - Отправлен ответ серверу!
2025-04-04 01:48:08 [main] INFO  Server - Команда успешно десериализована!
2025-04-04 01:48:08 [main] INFO  Server - Команда обработана!
2025-04-04 01:48:08 [main] INFO  Server - Ответ успешно сериализован!
2025-04-04 01:48:08 [main] INFO  Server - Отправлен ответ серверу!
2025-04-04 01:48:10 [main] INFO  Server - Команда успешно десериализована!
2025-04-04 01:48:10 [main] INFO  Server - Команда обработана!
2025-04-04 01:48:10 [main] INFO  Server - Ответ успешно сериализован!
2025-04-04 01:48:10 [main] INFO  Server - Отправлен ответ серверу!
2025-04-04 01:48:10 [main] INFO  Server - Команда успешно десериализована!
2025-04-04 01:48:10 [main] INFO  Server - Команда обработана!
2025-04-04 01:48:10 [main] INFO  Server - Ответ успешно сериализован!
2025-04-04 01:48:10 [main] INFO  Server - Отправлен ответ серверу!
2025-04-04 01:48:10 [main] INFO  Server - Команда успешно десериализована!
2025-04-04 01:48:10 [main] INFO  Server - Команда обработана!
2025-04-04 01:48:10 [main] INFO  Server - Ответ успешно сериализован!
2025-04-04 01:48:10 [main] INFO  Server - Отправлен ответ серверу!
2025-04-04 01:48:10 [main] INFO  Server - Команда успешно десериализована!
2025-04-04 01:48:10 [main] INFO  Server - Команда обработана!
2025-04-04 01:48:10 [main] INFO  Server - Ответ успешно сериализован!
2025-04-04 01:48:10 [main] INFO  Server - Отправлен ответ серверу!
2025-04-04 01:48:11 [main] INFO  Server - Команда успешно десериализована!
2025-04-04 01:48:11 [main] INFO  Server - Команда обработана!
2025-04-04 01:48:11 [main] INFO  Server - Ответ успешно сериализован!
2025-04-04 01:48:11 [main] INFO  Server - Отправлен ответ серверу!
2025-04-04 01:48:11 [main] INFO  Server - Команда успешно десериализована!
2025-04-04 01:48:11 [main] INFO  Server - Команда обработана!
2025-04-04 01:48:11 [main] INFO  Server - Ответ успешно сериализован!
2025-04-04 01:48:11 [main] INFO  Server - Отправлен ответ серверу!
2025-04-04 01:48:12 [main] INFO  Server - Команда успешно десериализована!
2025-04-04 01:48:12 [main] INFO  Server - Команда обработана!
2025-04-04 01:48:12 [main] INFO  Server - Ответ успешно сериализован!
2025-04-04 01:48:12 [main] INFO  Server - Отправлен ответ серверу!
2025-04-04 01:48:12 [main] INFO  Server - Команда успешно десериализована!
2025-04-04 01:48:12 [main] INFO  Server - Команда обработана!
2025-04-04 01:48:12 [main] INFO  Server - Ответ успешно сериализован!
2025-04-04 01:48:12 [main] INFO  Server - Отправлен ответ серверу!
2025-04-04 01:48:12 [main] INFO  Server - Команда успешно десериализована!
2025-04-04 01:48:12 [main] INFO  Server - Команда обработана!
2025-04-04 01:48:12 [main] INFO  Server - Ответ успешно сериализован!
2025-04-04 01:48:12 [main] INFO  Server - Отправлен ответ серверу!
2025-04-04 01:48:12 [main] INFO  Server - Команда успешно десериализована!
2025-04-04 01:48:12 [main] INFO  Server - Команда обработана!
2025-04-04 01:48:12 [main] INFO  Server - Ответ успешно сериализован!
2025-04-04 01:48:12 [main] INFO  Server - Отправлен ответ серверу!
2025-04-04 01:48:12 [main] INFO  Server - Команда успешно десериализована!
2025-04-04 01:48:12 [main] INFO  Server - Команда обработана!
2025-04-04 01:48:12 [main] INFO  Server - Ответ успешно сериализован!
2025-04-04 01:48:12 [main] INFO  Server - Отправлен ответ серверу!
2025-04-04 01:48:12 [main] INFO  Server - Команда успешно десериализована!
2025-04-04 01:48:12 [main] INFO  Server - Команда обработана!
2025-04-04 01:48:12 [main] INFO  Server - Ответ успешно сериализован!
2025-04-04 01:48:12 [main] INFO  Server - Отправлен ответ серверу!
2025-04-04 01:48:12 [main] INFO  Server - Команда успешно десериализована!
2025-04-04 01:48:12 [main] INFO  Server - Команда обработана!
2025-04-04 01:48:12 [main] INFO  Server - Ответ успешно сериализован!
2025-04-04 01:48:12 [main] INFO  Server - Отправлен ответ серверу!
2025-04-04 01:48:12 [main] INFO  Server - Команда успешно десериализована!
2025-04-04 01:48:12 [main] INFO  Server - Команда обработана!
2025-04-04 01:48:12 [main] INFO  Server - Ответ успешно сериализован!
2025-04-04 01:48:12 [main] INFO  Server - Отправлен ответ серверу!
2025-04-04 01:48:38 [main] INFO  Server - Сервер успешно запущен!
2025-04-04 01:48:38 [main] INFO  Server - Server started on port 12345
2025-04-04 01:48:43 [main] INFO  Server - Команда успешно десериализована!
2025-04-04 01:48:43 [main] INFO  Server - Команда обработана!
2025-04-04 01:48:43 [main] INFO  Server - Ответ успешно сериализован!
2025-04-04 01:48:43 [main] INFO  Server - Отправлен ответ серверу!
2025-04-04 01:48:52 [main] INFO  Server - Команда успешно десериализована!
2025-04-04 01:48:52 [main] INFO  Server - Команда обработана!
2025-04-04 01:48:52 [main] INFO  Server - Ответ успешно сериализован!
2025-04-04 01:48:52 [main] INFO  Server - Отправлен ответ серверу!
2025-04-04 01:48:55 [main] INFO  Server - Команда успешно десериализована!
2025-04-04 01:48:55 [main] INFO  Server - Команда обработана!
2025-04-04 01:48:55 [main] INFO  Server - Ответ успешно сериализован!
2025-04-04 01:48:55 [main] INFO  Server - Отправлен ответ серверу!
2025-04-04 01:50:13 [main] INFO  Server - Сервер успешно запущен!
2025-04-04 01:50:14 [main] INFO  Server - Server started on port 12345
2025-04-04 01:50:20 [main] INFO  Server - Команда успешно десериализована!
2025-04-04 01:50:20 [main] INFO  Server - Команда обработана!
2025-04-04 01:50:20 [main] INFO  Server - Ответ успешно сериализован!
2025-04-04 01:50:20 [main] INFO  Server - Отправлен ответ серверу!
2025-04-04 01:50:20 [main] INFO  Server - Команда успешно десериализована!
2025-04-04 01:50:20 [main] INFO  Server - Команда обработана!
2025-04-04 01:50:20 [main] INFO  Server - Ответ успешно сериализован!
2025-04-04 01:50:20 [main] INFO  Server - Отправлен ответ серверу!
2025-04-04 01:50:24 [main] INFO  Server - Команда успешно десериализована!
2025-04-04 01:50:24 [main] INFO  Server - Команда обработана!
2025-04-04 01:50:24 [main] INFO  Server - Ответ успешно сериализован!
2025-04-04 01:50:24 [main] INFO  Server - Отправлен ответ серверу!
2025-04-04 01:50:24 [main] INFO  Server - Команда успешно десериализована!
2025-04-04 01:50:24 [main] INFO  Server - Команда обработана!
2025-04-04 01:50:24 [main] INFO  Server - Ответ успешно сериализован!
2025-04-04 01:50:24 [main] INFO  Server - Отправлен ответ серверу!
2025-04-04 01:50:38 [main] INFO  Server - Команда успешно десериализована!
2025-04-04 01:50:38 [main] INFO  Server - Команда обработана!
2025-04-04 01:50:38 [main] INFO  Server - Ответ успешно сериализован!
2025-04-04 01:50:38 [main] INFO  Server - Отправлен ответ серверу!
2025-04-04 01:50:38 [main] INFO  Server - Команда успешно десериализована!
2025-04-04 01:50:38 [main] INFO  Server - Команда обработана!
2025-04-04 01:50:38 [main] INFO  Server - Ответ успешно сериализован!
2025-04-04 01:50:38 [main] INFO  Server - Отправлен ответ серверу!
2025-04-04 01:50:45 [main] INFO  Server - Команда успешно десериализована!
2025-04-04 01:50:45 [main] INFO  Server - Команда обработана!
2025-04-04 01:50:45 [main] INFO  Server - Ответ успешно сериализован!
2025-04-04 01:50:45 [main] INFO  Server - Отправлен ответ серверу!
2025-04-04 01:50:45 [main] INFO  Server - Команда успешно десериализована!
2025-04-04 01:50:45 [main] INFO  Server - Команда обработана!
2025-04-04 01:50:45 [main] INFO  Server - Ответ успешно сериализован!
2025-04-04 01:50:45 [main] INFO  Server - Отправлен ответ серверу!
2025-04-04 01:52:39 [main] INFO  Server - Сервер успешно запущен!
2025-04-04 01:52:39 [main] INFO  Server - Server started on port 12345
2025-04-04 01:52:44 [main] INFO  Server - Команда успешно десериализована!
2025-04-04 01:52:44 [main] INFO  Server - Команда обработана!
2025-04-04 01:52:44 [main] INFO  Server - Ответ успешно сериализован!
2025-04-04 01:52:44 [main] INFO  Server - Отправлен ответ серверу!
2025-04-04 01:52:53 [main] INFO  Server - Команда успешно десериализована!
2025-04-04 01:52:53 [main] INFO  Server - Команда обработана!
2025-04-04 01:52:53 [main] INFO  Server - Ответ успешно сериализован!
2025-04-04 01:52:53 [main] INFO  Server - Отправлен ответ серверу!
2025-04-04 01:52:53 [main] INFO  Server - Команда успешно десериализована!
2025-04-04 01:52:53 [main] INFO  Server - Команда обработана!
2025-04-04 01:52:53 [main] INFO  Server - Ответ успешно сериализован!
2025-04-04 01:52:53 [main] INFO  Server - Отправлен ответ серверу!
2025-04-04 01:52:55 [main] INFO  Server - Команда успешно десериализована!
2025-04-04 01:52:55 [main] INFO  Server - Команда обработана!
2025-04-04 01:52:55 [main] INFO  Server - Ответ успешно сериализован!
2025-04-04 01:52:55 [main] INFO  Server - Отправлен ответ серверу!
2025-04-04 01:52:55 [main] INFO  Server - Команда успешно десериализована!
2025-04-04 01:52:55 [main] INFO  Server - Команда обработана!
2025-04-04 01:52:55 [main] INFO  Server - Ответ успешно сериализован!
2025-04-04 01:52:55 [main] INFO  Server - Отправлен ответ серверу!
2025-04-04 01:53:04 [main] INFO  Server - Команда успешно десериализована!
2025-04-04 01:53:04 [main] INFO  Server - Команда обработана!
2025-04-04 01:53:04 [main] INFO  Server - Ответ успешно сериализован!
2025-04-04 01:53:04 [main] INFO  Server - Отправлен ответ серверу!
2025-04-04 01:53:04 [main] INFO  Server - Команда успешно десериализована!
2025-04-04 01:53:04 [main] INFO  Server - Команда обработана!
2025-04-04 01:53:04 [main] INFO  Server - Ответ успешно сериализован!
2025-04-04 01:53:04 [main] INFO  Server - Отправлен ответ серверу!
2025-04-04 01:53:04 [main] INFO  Server - Команда успешно десериализована!
2025-04-04 01:53:04 [main] INFO  Server - Команда обработана!
2025-04-04 01:53:04 [main] INFO  Server - Ответ успешно сериализован!
2025-04-04 01:53:04 [main] INFO  Server - Отправлен ответ серверу!
2025-04-04 01:53:05 [main] INFO  Server - Команда успешно десериализована!
2025-04-04 01:53:05 [main] INFO  Server - Команда обработана!
2025-04-04 01:53:05 [main] INFO  Server - Ответ успешно сериализован!
2025-04-04 01:53:05 [main] INFO  Server - Отправлен ответ серверу!
2025-04-04 01:53:05 [main] INFO  Server - Команда успешно десериализована!
2025-04-04 01:53:05 [main] INFO  Server - Команда обработана!
2025-04-04 01:53:05 [main] INFO  Server - Ответ успешно сериализован!
2025-04-04 01:53:05 [main] INFO  Server - Отправлен ответ серверу!
2025-04-04 01:53:05 [main] INFO  Server - Команда успешно десериализована!
2025-04-04 01:53:05 [main] INFO  Server - Команда обработана!
2025-04-04 01:53:05 [main] INFO  Server - Ответ успешно сериализован!
2025-04-04 01:53:05 [main] INFO  Server - Отправлен ответ серверу!
2025-04-04 01:53:06 [main] INFO  Server - Команда успешно десериализована!
2025-04-04 01:53:06 [main] INFO  Server - Команда обработана!
2025-04-04 01:53:06 [main] INFO  Server - Ответ успешно сериализован!
2025-04-04 01:53:06 [main] INFO  Server - Отправлен ответ серверу!
2025-04-04 01:53:09 [main] INFO  Server - Команда успешно десериализована!
2025-04-04 01:53:09 [main] INFO  Server - Команда обработана!
2025-04-04 01:53:09 [main] INFO  Server - Ответ успешно сериализован!
2025-04-04 01:53:09 [main] INFO  Server - Отправлен ответ серверу!
2025-04-04 01:53:09 [main] INFO  Server - Команда успешно десериализована!
2025-04-04 01:53:09 [main] INFO  Server - Команда обработана!
2025-04-04 01:53:09 [main] INFO  Server - Ответ успешно сериализован!
2025-04-04 01:53:09 [main] INFO  Server - Отправлен ответ серверу!
2025-04-04 09:35:34 [main] INFO  Server - Сервер успешно запущен!
2025-04-04 09:35:35 [main] INFO  Server - Server started on port 12345
2025-04-04 09:35:44 [main] INFO  Server - Команда успешно десериализована!
2025-04-04 09:35:44 [main] INFO  Server - Команда обработана!
2025-04-04 09:35:44 [main] INFO  Server - Ответ успешно сериализован!
2025-04-04 09:35:44 [main] INFO  Server - Отправлен ответ серверу!
2025-04-04 09:35:49 [main] INFO  Server - Команда успешно десериализована!
2025-04-04 09:35:49 [main] INFO  Server - Команда обработана!
2025-04-04 09:35:49 [main] INFO  Server - Ответ успешно сериализован!
2025-04-04 09:35:49 [main] INFO  Server - Отправлен ответ серверу!
2025-04-04 09:35:49 [main] INFO  Server - Команда успешно десериализована!
2025-04-04 09:35:49 [main] INFO  Server - Команда обработана!
2025-04-04 09:35:49 [main] INFO  Server - Ответ успешно сериализован!
2025-04-04 09:35:49 [main] INFO  Server - Отправлен ответ серверу!
2025-04-04 09:36:01 [main] INFO  Server - Команда успешно десериализована!
2025-04-04 09:36:01 [main] INFO  Server - Команда обработана!
2025-04-04 09:36:01 [main] INFO  Server - Ответ успешно сериализован!
2025-04-04 09:36:01 [main] INFO  Server - Отправлен ответ серверу!
2025-04-04 09:36:01 [main] INFO  Server - Команда успешно десериализована!
2025-04-04 09:36:01 [main] INFO  Server - Команда обработана!
2025-04-04 09:36:01 [main] INFO  Server - Ответ успешно сериализован!
2025-04-04 09:36:01 [main] INFO  Server - Отправлен ответ серверу!
2025-04-04 09:36:04 [main] INFO  Server - Команда успешно десериализована!
2025-04-04 09:36:04 [main] INFO  Server - Команда обработана!
2025-04-04 09:36:04 [main] INFO  Server - Ответ успешно сериализован!
2025-04-04 09:36:04 [main] INFO  Server - Отправлен ответ серверу!
2025-04-04 09:36:11 [main] INFO  Server - Команда успешно десериализована!
2025-04-04 09:36:11 [main] INFO  Server - Команда обработана!
2025-04-04 09:36:11 [main] INFO  Server - Ответ успешно сериализован!
2025-04-04 09:36:11 [main] INFO  Server - Отправлен ответ серверу!
2025-04-04 09:36:11 [main] INFO  Server - Команда успешно десериализована!
2025-04-04 09:36:11 [main] INFO  Server - Команда обработана!
2025-04-04 09:36:11 [main] INFO  Server - Ответ успешно сериализован!
2025-04-04 09:36:11 [main] INFO  Server - Отправлен ответ серверу!
2025-04-04 09:36:17 [main] INFO  Server - Команда успешно десериализована!
2025-04-04 09:36:17 [main] INFO  Server - Команда обработана!
2025-04-04 09:36:17 [main] INFO  Server - Ответ успешно сериализован!
2025-04-04 09:36:17 [main] INFO  Server - Отправлен ответ серверу!
2025-04-04 09:36:17 [main] INFO  Server - Команда успешно десериализована!
2025-04-04 09:36:17 [main] INFO  Server - Команда обработана!
2025-04-04 09:36:17 [main] INFO  Server - Ответ успешно сериализован!
2025-04-04 09:36:17 [main] INFO  Server - Отправлен ответ серверу!
2025-04-04 09:36:19 [main] INFO  Server - Команда успешно десериализована!
2025-04-04 09:36:19 [main] INFO  Server - Команда обработана!
2025-04-04 09:36:19 [main] INFO  Server - Ответ успешно сериализован!
2025-04-04 09:36:19 [main] INFO  Server - Отправлен ответ серверу!
2025-04-04 09:36:19 [main] INFO  Server - Команда успешно десериализована!
2025-04-04 09:36:19 [main] INFO  Server - Команда обработана!
2025-04-04 09:36:19 [main] INFO  Server - Ответ успешно сериализован!
2025-04-04 09:36:19 [main] INFO  Server - Отправлен ответ серверу!
2025-04-04 09:36:23 [main] INFO  Server - Команда успешно десериализована!
2025-04-04 09:36:23 [main] INFO  Server - Команда обработана!
2025-04-04 09:36:23 [main] INFO  Server - Ответ успешно сериализован!
2025-04-04 09:36:23 [main] INFO  Server - Отправлен ответ серверу!
2025-04-04 09:49:05 [main] INFO  Server - Сервер успешно запущен!
2025-04-04 09:49:05 [main] INFO  Server - Server started on port 12345
2025-04-04 09:49:12 [main] INFO  Server - Команда успешно десериализована!
2025-04-04 09:49:12 [main] INFO  Server - Команда обработана!
2025-04-04 09:49:12 [main] INFO  Server - Ответ успешно сериализован!
2025-04-04 09:49:12 [main] INFO  Server - Отправлен ответ серверу!
2025-04-04 09:49:12 [main] INFO  Server - Команда успешно десериализована!
2025-04-04 09:49:12 [main] INFO  Server - Команда обработана!
2025-04-04 09:49:12 [main] INFO  Server - Ответ успешно сериализован!
2025-04-04 09:49:12 [main] INFO  Server - Отправлен ответ серверу!
2025-04-04 09:49:18 [main] INFO  Server - Команда успешно десериализована!
2025-04-04 09:49:18 [main] INFO  Server - Команда обработана!
2025-04-04 09:49:18 [main] INFO  Server - Ответ успешно сериализован!
2025-04-04 09:49:18 [main] INFO  Server - Отправлен ответ серверу!
2025-04-04 09:49:34 [main] INFO  Server - Команда успешно десериализована!
2025-04-04 09:49:34 [main] INFO  Server - Команда обработана!
2025-04-04 09:49:34 [main] INFO  Server - Ответ успешно сериализован!
2025-04-04 09:49:34 [main] INFO  Server - Отправлен ответ серверу!
2025-04-04 09:49:37 [main] INFO  Server - Команда успешно десериализована!
2025-04-04 09:49:37 [main] INFO  Server - Команда обработана!
2025-04-04 09:49:37 [main] INFO  Server - Ответ успешно сериализован!
2025-04-04 09:49:37 [main] INFO  Server - Отправлен ответ серверу!
2025-04-04 09:49:37 [main] INFO  Server - Команда успешно десериализована!
2025-04-04 09:49:37 [main] INFO  Server - Команда обработана!
2025-04-04 09:49:37 [main] INFO  Server - Ответ успешно сериализован!
2025-04-04 09:49:37 [main] INFO  Server - Отправлен ответ серверу!
2025-04-04 09:49:48 [main] INFO  Server - Команда успешно десериализована!
2025-04-04 09:49:48 [main] INFO  Server - Команда обработана!
2025-04-04 09:49:48 [main] INFO  Server - Ответ успешно сериализован!
2025-04-04 09:49:48 [main] INFO  Server - Отправлен ответ серверу!
2025-04-04 09:49:54 [main] INFO  Server - Команда успешно десериализована!
2025-04-04 09:49:54 [main] INFO  Server - Команда обработана!
2025-04-04 09:49:54 [main] INFO  Server - Ответ успешно сериализован!
2025-04-04 09:49:54 [main] INFO  Server - Отправлен ответ серверу!
2025-04-04 09:49:54 [main] INFO  Server - Команда успешно десериализована!
2025-04-04 09:49:54 [main] INFO  Server - Команда обработана!
2025-04-04 09:49:54 [main] INFO  Server - Ответ успешно сериализован!
2025-04-04 09:49:54 [main] INFO  Server - Отправлен ответ серверу!
2025-04-04 09:49:57 [main] INFO  Server - Команда успешно десериализована!
2025-04-04 09:49:57 [main] INFO  Server - Команда обработана!
2025-04-04 09:49:57 [main] INFO  Server - Ответ успешно сериализован!
2025-04-04 09:49:57 [main] INFO  Server - Отправлен ответ серверу!
2025-04-04 10:07:48 [main] INFO  Server - Сервер успешно запущен!
2025-04-04 10:07:49 [main] INFO  Server - Server started on port 12345
2025-04-04 10:07:56 [main] INFO  Server - Команда успешно десериализована!
2025-04-04 10:07:56 [main] INFO  Server - Команда обработана!
2025-04-04 10:07:56 [main] INFO  Server - Ответ успешно сериализован!
2025-04-04 10:07:56 [main] INFO  Server - Отправлен ответ серверу!
2025-04-04 10:07:56 [main] INFO  Server - Команда успешно десериализована!
2025-04-04 10:07:56 [main] INFO  Server - Команда обработана!
2025-04-04 10:07:56 [main] INFO  Server - Ответ успешно сериализован!
2025-04-04 10:07:56 [main] INFO  Server - Отправлен ответ серверу!
2025-04-04 10:08:02 [main] INFO  Server - Команда успешно десериализована!
2025-04-04 10:08:02 [main] INFO  Server - Команда обработана!
2025-04-04 10:08:02 [main] INFO  Server - Ответ успешно сериализован!
2025-04-04 10:08:02 [main] INFO  Server - Отправлен ответ серверу!
2025-04-04 10:08:10 [main] INFO  Server - Команда успешно десериализована!
2025-04-04 10:08:10 [main] INFO  Server - Команда обработана!
2025-04-04 10:08:10 [main] INFO  Server - Ответ успешно сериализован!
2025-04-04 10:08:10 [main] INFO  Server - Отправлен ответ серверу!
2025-04-04 10:08:10 [main] INFO  Server - Команда успешно десериализована!
2025-04-04 10:08:10 [main] INFO  Server - Команда обработана!
2025-04-04 10:08:10 [main] INFO  Server - Ответ успешно сериализован!
2025-04-04 10:08:10 [main] INFO  Server - Отправлен ответ серверу!
2025-04-04 10:08:12 [main] INFO  Server - Команда успешно десериализована!
2025-04-04 10:08:12 [main] INFO  Server - Команда обработана!
2025-04-04 10:08:12 [main] INFO  Server - Ответ успешно сериализован!
2025-04-04 10:08:12 [main] INFO  Server - Отправлен ответ серверу!
2025-04-04 10:08:12 [main] INFO  Server - Команда успешно десериализована!
2025-04-04 10:08:12 [main] INFO  Server - Команда обработана!
2025-04-04 10:08:12 [main] INFO  Server - Ответ успешно сериализован!
2025-04-04 10:08:12 [main] INFO  Server - Отправлен ответ серверу!
2025-04-04 10:09:34 [main] INFO  Server - Сервер успешно запущен!
2025-04-04 10:09:34 [main] INFO  Server - Server started on port 12345
2025-04-04 10:09:39 [main] INFO  Server - Команда успешно десериализована!
2025-04-04 10:09:39 [main] INFO  Server - Команда обработана!
2025-04-04 10:09:39 [main] INFO  Server - Ответ успешно сериализован!
2025-04-04 10:09:39 [main] INFO  Server - Отправлен ответ серверу!
2025-04-04 10:09:39 [main] INFO  Server - Команда успешно десериализована!
2025-04-04 10:09:39 [main] INFO  Server - Команда обработана!
2025-04-04 10:09:39 [main] INFO  Server - Ответ успешно сериализован!
2025-04-04 10:09:39 [main] INFO  Server - Отправлен ответ серверу!
2025-04-04 10:09:42 [main] INFO  Server - Команда успешно десериализована!
2025-04-04 10:09:42 [main] INFO  Server - Команда обработана!
2025-04-04 10:09:42 [main] INFO  Server - Ответ успешно сериализован!
2025-04-04 10:09:42 [main] INFO  Server - Отправлен ответ серверу!
2025-04-04 10:09:45 [main] INFO  Server - Команда успешно десериализована!
2025-04-04 10:09:45 [main] INFO  Server - Команда обработана!
2025-04-04 10:09:45 [main] INFO  Server - Ответ успешно сериализован!
2025-04-04 10:09:45 [main] INFO  Server - Отправлен ответ серверу!
2025-04-04 10:20:43 [main] INFO  Server - Сервер успешно запущен!
2025-04-04 10:20:43 [main] INFO  Server - Server started on port 12345
2025-04-04 10:20:48 [main] INFO  Server - Команда успешно десериализована!
2025-04-04 10:20:48 [main] INFO  Server - Команда обработана!
2025-04-04 10:20:48 [main] INFO  Server - Ответ успешно сериализован!
2025-04-04 10:20:48 [main] INFO  Server - Отправлен ответ серверу!
2025-04-04 10:20:48 [main] INFO  Server - Команда успешно десериализована!
2025-04-04 10:20:48 [main] INFO  Server - Команда обработана!
2025-04-04 10:20:48 [main] INFO  Server - Ответ успешно сериализован!
2025-04-04 10:20:48 [main] INFO  Server - Отправлен ответ серверу!
2025-04-04 10:20:51 [main] INFO  Server - Команда успешно десериализована!
2025-04-04 10:20:51 [main] INFO  Server - Команда обработана!
2025-04-04 10:20:51 [main] INFO  Server - Ответ успешно сериализован!
2025-04-04 10:20:51 [main] INFO  Server - Отправлен ответ серверу!
2025-04-04 10:20:53 [main] INFO  Server - Команда успешно десериализована!
2025-04-04 10:20:53 [main] INFO  Server - Команда обработана!
2025-04-04 10:20:53 [main] INFO  Server - Ответ успешно сериализован!
2025-04-04 10:20:53 [main] INFO  Server - Отправлен ответ серверу!
2025-04-04 10:21:00 [main] INFO  Server - Команда успешно десериализована!
2025-04-04 10:21:00 [main] INFO  Server - Команда обработана!
2025-04-04 10:21:00 [main] INFO  Server - Ответ успешно сериализован!
2025-04-04 10:21:00 [main] INFO  Server - Отправлен ответ серверу!
2025-04-04 10:21:00 [main] INFO  Server - Команда успешно десериализована!
2025-04-04 10:21:00 [main] INFO  Server - Команда обработана!
2025-04-04 10:21:00 [main] INFO  Server - Ответ успешно сериализован!
2025-04-04 10:21:00 [main] INFO  Server - Отправлен ответ серверу!
2025-04-04 10:21:06 [main] INFO  Server - Команда успешно десериализована!
2025-04-04 10:21:06 [main] INFO  Server - Команда обработана!
2025-04-04 10:21:06 [main] INFO  Server - Ответ успешно сериализован!
2025-04-04 10:21:06 [main] INFO  Server - Отправлен ответ серверу!
2025-04-04 10:21:06 [main] INFO  Server - Команда успешно десериализована!
2025-04-04 10:21:06 [main] INFO  Server - Команда обработана!
2025-04-04 10:21:06 [main] INFO  Server - Ответ успешно сериализован!
2025-04-04 10:21:06 [main] INFO  Server - Отправлен ответ серверу!
2025-04-04 10:21:08 [main] INFO  Server - Команда успешно десериализована!
2025-04-04 10:21:08 [main] INFO  Server - Команда обработана!
2025-04-04 10:21:08 [main] INFO  Server - Ответ успешно сериализован!
2025-04-04 10:21:08 [main] INFO  Server - Отправлен ответ серверу!
2025-04-04 10:21:08 [main] INFO  Server - Команда успешно десериализована!
2025-04-04 10:21:08 [main] INFO  Server - Команда обработана!
2025-04-04 10:21:08 [main] INFO  Server - Ответ успешно сериализован!
2025-04-04 10:21:08 [main] INFO  Server - Отправлен ответ серверу!
2025-04-04 10:21:15 [main] INFO  Server - Команда успешно десериализована!
2025-04-04 10:21:15 [main] INFO  Server - Команда обработана!
2025-04-04 10:21:15 [main] INFO  Server - Ответ успешно сериализован!
2025-04-04 10:21:15 [main] INFO  Server - Отправлен ответ серверу!
2025-04-04 10:21:15 [main] INFO  Server - Команда успешно десериализована!
2025-04-04 10:21:15 [main] INFO  Server - Команда обработана!
2025-04-04 10:21:15 [main] INFO  Server - Ответ успешно сериализован!
2025-04-04 10:21:15 [main] INFO  Server - Отправлен ответ серверу!
2025-04-04 10:22:15 [main] INFO  Server - Сервер успешно запущен!
2025-04-04 10:22:16 [main] INFO  Server - Server started on port 12345
2025-04-04 10:23:33 [main] INFO  Server - Команда успешно десериализована!
2025-04-04 10:23:33 [main] INFO  Server - Команда обработана!
2025-04-04 10:23:33 [main] INFO  Server - Ответ успешно сериализован!
2025-04-04 10:23:33 [main] INFO  Server - Отправлен ответ серверу!
2025-04-04 10:23:33 [main] INFO  Server - Команда успешно десериализована!
2025-04-04 10:23:33 [main] INFO  Server - Команда обработана!
2025-04-04 10:23:33 [main] INFO  Server - Ответ успешно сериализован!
2025-04-04 10:23:33 [main] INFO  Server - Отправлен ответ серверу!
2025-04-04 10:23:38 [main] INFO  Server - Команда успешно десериализована!
2025-04-04 10:23:38 [main] INFO  Server - Команда обработана!
2025-04-04 10:23:38 [main] INFO  Server - Ответ успешно сериализован!
2025-04-04 10:23:38 [main] INFO  Server - Отправлен ответ серверу!
2025-04-04 10:23:56 [main] INFO  Server - Команда успешно десериализована!
2025-04-04 10:23:56 [main] INFO  Server - Команда обработана!
2025-04-04 10:23:56 [main] INFO  Server - Ответ успешно сериализован!
2025-04-04 10:23:56 [main] INFO  Server - Отправлен ответ серверу!
2025-04-04 10:24:32 [main] INFO  Server - Команда успешно десериализована!
2025-04-04 10:24:32 [main] INFO  Server - Команда обработана!
2025-04-04 10:24:32 [main] INFO  Server - Ответ успешно сериализован!
2025-04-04 10:24:32 [main] INFO  Server - Отправлен ответ серверу!
2025-04-04 10:24:39 [main] INFO  Server - Команда успешно десериализована!
2025-04-04 10:24:39 [main] INFO  Server - Команда обработана!
2025-04-04 10:24:39 [main] INFO  Server - Ответ успешно сериализован!
2025-04-04 10:24:39 [main] INFO  Server - Отправлен ответ серверу!
2025-04-04 10:24:39 [main] INFO  Server - Команда успешно десериализована!
2025-04-04 10:24:39 [main] INFO  Server - Команда обработана!
2025-04-04 10:24:39 [main] INFO  Server - Ответ успешно сериализован!
2025-04-04 10:24:39 [main] INFO  Server - Отправлен ответ серверу!
2025-04-04 10:27:18 [main] INFO  Server - Сервер успешно запущен!
2025-04-04 10:27:18 [main] INFO  Server - Сервер начал работать на 12345
2025-04-04 10:36:59 [main] INFO  Server - Сервер успешно запущен!
2025-04-04 10:36:59 [main] INFO  Server - ----------------------------------------
2025-04-04 10:36:59 [main] INFO  Server - Файл успешно считан, коллекция загружена
2025-04-04 10:36:59 [main] INFO  Server - ----------------------------------------
2025-04-04 10:36:59 [main] INFO  Server - Сервер начал работать на 12345
2025-04-04 10:37:15 [main] INFO  Server - Команда успешно десериализована!
2025-04-04 10:37:15 [main] INFO  Server - Команда обработана!
2025-04-04 10:37:15 [main] INFO  Server - Ответ успешно сериализован!
2025-04-04 10:37:15 [main] INFO  Server - Отправлен ответ серверу!
2025-04-04 10:38:34 [main] INFO  Server - Сервер успешно запущен!
2025-04-04 10:38:34 [main] INFO  Server - ----------------------------------------
2025-04-04 10:38:34 [main] INFO  Server - Файл успешно считан, коллекция загружена
2025-04-04 10:38:34 [main] INFO  Server - ----------------------------------------
2025-04-04 10:38:34 [main] INFO  Server - Сервер начал работать на 12345
2025-04-04 10:50:20 [main] INFO  Server - Сервер успешно запущен!
2025-04-04 10:50:20 [main] INFO  Server - ----------------------------------------
2025-04-04 10:50:20 [main] INFO  Server - Файл успешно считан, коллекция загружена
2025-04-04 10:50:20 [main] INFO  Server - ----------------------------------------
2025-04-04 10:50:20 [main] INFO  Server - Сервер начал работать на 12345
2025-04-04 10:52:17 [main] INFO  Server - Сервер успешно запущен!
2025-04-04 10:52:17 [main] INFO  Server - ----------------------------------------
2025-04-04 10:52:17 [main] INFO  Server - Файл успешно считан, коллекция загружена
2025-04-04 10:52:17 [main] INFO  Server - ----------------------------------------
2025-04-04 10:52:17 [main] INFO  Server - Сервер начал работать на 12345
2025-04-04 10:52:22 [main] INFO  Server - Команда успешно десериализована!
2025-04-04 10:52:22 [main] INFO  Server - Команда обработана!
2025-04-04 10:52:22 [main] INFO  Server - Ответ успешно сериализован!
2025-04-04 10:52:22 [main] INFO  Server - Отправлен ответ серверу!
2025-04-04 10:52:22 [main] INFO  Server - Команда успешно десериализована!
2025-04-04 10:52:22 [main] INFO  Server - Команда обработана!
2025-04-04 10:52:22 [main] INFO  Server - Ответ успешно сериализован!
2025-04-04 10:52:22 [main] INFO  Server - Отправлен ответ серверу!
2025-04-04 11:07:48 [main] INFO  Server - Сервер успешно запущен!
2025-04-04 11:07:48 [main] INFO  Server - ----------------------------------------
2025-04-04 11:07:48 [main] INFO  Server - Файл успешно считан, коллекция загружена
2025-04-04 11:07:48 [main] INFO  Server - ----------------------------------------
2025-04-04 11:07:48 [main] INFO  Server - Сервер начал работать на 12345
2025-04-04 11:07:55 [main] INFO  Server - Команда успешно десериализована!
2025-04-04 11:07:55 [main] INFO  Server - Успешно выполнил командуadd_to_history(команда, которая работает чисто на сервере и нужна для работы history)
2025-04-04 11:07:55 [main] INFO  Server - Команда обработана!
2025-04-04 11:07:55 [main] INFO  Server - Ответ успешно сериализован!
2025-04-04 11:07:55 [main] INFO  Server - Отправлен ответ серверу!
2025-04-04 11:07:55 [main] INFO  Server - Команда успешно десериализована!
2025-04-04 11:07:55 [main] INFO  Server - Успешно выполнил командуshow
2025-04-04 11:07:55 [main] INFO  Server - Команда обработана!
2025-04-04 11:07:55 [main] INFO  Server - Ответ успешно сериализован!
2025-04-04 11:07:55 [main] INFO  Server - Отправлен ответ серверу!
2025-04-04 11:08:11 [main] INFO  Server - Команда успешно десериализована!
2025-04-04 11:08:11 [main] INFO  Server - Успешно выполнил командуadd_to_history(команда, которая работает чисто на сервере и нужна для работы history)
2025-04-04 11:08:11 [main] INFO  Server - Команда обработана!
2025-04-04 11:08:11 [main] INFO  Server - Ответ успешно сериализован!
2025-04-04 11:08:11 [main] INFO  Server - Отправлен ответ серверу!
2025-04-04 11:08:11 [main] INFO  Server - Команда успешно десериализована!
2025-04-04 11:08:11 [main] INFO  Server - Успешно выполнил командуshow
2025-04-04 11:08:11 [main] INFO  Server - Команда обработана!
2025-04-04 11:08:11 [main] INFO  Server - Ответ успешно сериализован!
2025-04-04 11:08:11 [main] INFO  Server - Отправлен ответ серверу!
2025-04-04 11:10:17 [main] INFO  Server - Сервер успешно запущен!
2025-04-04 11:10:18 [main] INFO  Server - ----------------------------------------
2025-04-04 11:10:18 [main] INFO  Server - Файл успешно считан, коллекция загружена
2025-04-04 11:10:18 [main] INFO  Server - ----------------------------------------
2025-04-04 11:10:18 [main] INFO  Server - Сервер начал работать на 12345
2025-04-04 11:10:35 [main] INFO  Server - Команда успешно десериализована!
2025-04-04 11:11:28 [main] INFO  Server - Успешно выполнил команду add_to_history(команда, которая работает чисто на сервере и нужна для работы history)
2025-04-04 11:11:28 [main] INFO  Server - Команда обработана!
2025-04-04 11:11:28 [main] INFO  Server - Ответ успешно сериализован!
2025-04-04 11:11:28 [main] INFO  Server - Отправлен ответ серверу!
2025-04-04 11:11:28 [main] INFO  Server - Команда успешно десериализована!
2025-04-04 11:11:28 [main] INFO  Server - Успешно выполнил командуshow
2025-04-04 11:12:36 [main] INFO  Server - Сервер успешно запущен!
2025-04-04 11:12:36 [main] INFO  Server - ----------------------------------------
2025-04-04 11:12:36 [main] INFO  Server - Файл успешно считан, коллекция загружена
2025-04-04 11:12:36 [main] INFO  Server - ----------------------------------------
2025-04-04 11:12:36 [main] INFO  Server - Сервер начал работать на 12345
2025-04-04 11:12:46 [main] INFO  Server - Команда успешно десериализована!
2025-04-04 11:13:05 [main] INFO  Server - Успешно выполнил команду add_to_history(команда, которая работает чисто на сервере и нужна для работы history)
2025-04-04 11:13:30 [main] INFO  Server - Команда обработана!
2025-04-04 11:13:32 [main] INFO  Server - Ответ успешно сериализован!
2025-04-04 11:13:34 [main] INFO  Server - Отправлен ответ серверу!
2025-04-04 11:13:50 [main] INFO  Server - Команда успешно десериализована!
2025-04-04 11:14:15 [main] INFO  Server - Успешно выполнил командуshow
2025-04-04 11:14:23 [main] INFO  Server - Команда обработана!
2025-04-04 11:14:23 [main] INFO  Server - Ответ успешно сериализован!
2025-04-04 11:14:23 [main] INFO  Server - Отправлен ответ серверу!
2025-04-04 11:16:56 [main] INFO  Server - Сервер успешно запущен!
2025-04-04 11:16:56 [main] INFO  Server - ----------------------------------------
2025-04-04 11:16:56 [main] INFO  Server - Файл успешно считан, коллекция загружена
2025-04-04 11:16:56 [main] INFO  Server - ----------------------------------------
2025-04-04 11:16:56 [main] INFO  Server - Сервер начал работать на 12345
2025-04-04 11:17:02 [main] INFO  Server - Команда успешно десериализована!
2025-04-04 11:19:24 [main] INFO  Server - Сервер успешно запущен!
2025-04-04 11:19:24 [main] INFO  Server - ----------------------------------------
2025-04-04 11:19:24 [main] INFO  Server - Файл успешно считан, коллекция загружена
2025-04-04 11:19:24 [main] INFO  Server - ----------------------------------------
2025-04-04 11:19:24 [main] INFO  Server - Сервер начал работать на 12345
2025-04-04 11:19:28 [main] INFO  Server - Команда успешно десериализована!
2025-04-04 11:21:06 [main] INFO  Server - Сервер успешно запущен!
2025-04-04 11:21:06 [main] INFO  Server - ----------------------------------------
2025-04-04 11:21:06 [main] INFO  Server - Файл успешно считан, коллекция загружена
2025-04-04 11:21:06 [main] INFO  Server - ----------------------------------------
2025-04-04 11:21:07 [main] INFO  Server - Сервер начал работать на 12345
2025-04-04 11:21:16 [main] INFO  Server - Команда успешно десериализована!
2025-04-04 11:22:01 [main] INFO  Server - Сервер успешно запущен!
2025-04-04 11:22:02 [main] INFO  Server - ----------------------------------------
2025-04-04 11:22:02 [main] INFO  Server - Файл успешно считан, коллекция загружена
2025-04-04 11:22:02 [main] INFO  Server - ----------------------------------------
2025-04-04 11:22:02 [main] INFO  Server - Сервер начал работать на 12345
2025-04-04 11:22:07 [main] INFO  Server - Команда успешно десериализована!
2025-04-04 11:22:07 [main] INFO  Server - Команда add_to_history выполнена!
2025-04-04 11:22:07 [main] INFO  Server - Ответ успешно сериализован!
2025-04-04 11:22:07 [main] INFO  Server - Отправлен ответ серверу!
2025-04-04 11:22:07 [main] INFO  Server - Команда успешно десериализована!
2025-04-04 11:22:07 [main] INFO  Server - Команда show выполнена!
2025-04-04 11:22:07 [main] INFO  Server - Успешно выполнил команду show
2025-04-04 11:22:07 [main] INFO  Server - Ответ успешно сериализован!
2025-04-04 11:22:07 [main] INFO  Server - Отправлен ответ серверу!
2025-04-04 11:24:53 [main] INFO  Server - Сервер успешно запущен!
2025-04-04 11:24:53 [main] INFO  Server - ----------------------------------------
2025-04-04 11:24:53 [main] INFO  Server - Файл успешно считан, коллекция загружена
2025-04-04 11:24:53 [main] INFO  Server - ----------------------------------------
2025-04-04 11:24:53 [main] INFO  Server - Сервер начал работать на 12345
2025-04-04 11:25:00 [main] INFO  Server - Команда успешно десериализована!
2025-04-04 11:25:00 [main] INFO  Server - Команда add_to_history выполнена!
2025-04-04 11:25:00 [main] INFO  Server - Ответ успешно сериализован!
2025-04-04 11:25:00 [main] INFO  Server - Отправлен ответ серверу!
2025-04-04 11:25:07 [main] INFO  Server - Команда успешно десериализована!
2025-04-04 11:25:07 [main] INFO  Server - Команда add_to_history выполнена!
2025-04-04 11:25:07 [main] INFO  Server - Ответ успешно сериализован!
2025-04-04 11:25:07 [main] INFO  Server - Отправлен ответ серверу!
2025-04-04 11:25:07 [main] INFO  Server - Команда успешно десериализована!
2025-04-04 11:25:07 [main] INFO  Server - Команда show выполнена!
2025-04-04 11:25:07 [main] INFO  Server - Ответ успешно сериализован!
2025-04-04 11:25:07 [main] INFO  Server - Отправлен ответ серверу!
2025-04-04 11:25:14 [main] INFO  Server - Команда успешно десериализована!
2025-04-04 11:25:14 [main] INFO  Server - Команда add_to_history выполнена!
2025-04-04 11:25:14 [main] INFO  Server - Ответ успешно сериализован!
2025-04-04 11:25:14 [main] INFO  Server - Отправлен ответ серверу!
2025-04-04 11:25:14 [main] INFO  Server - Команда успешно десериализована!
2025-04-04 11:25:14 [main] INFO  Server - Команда history выполнена!
2025-04-04 11:25:14 [main] INFO  Server - Ответ успешно сериализован!
2025-04-04 11:25:14 [main] INFO  Server - Отправлен ответ серверу!
2025-04-04 11:25:20 [main] INFO  Server - Команда успешно десериализована!
2025-04-04 11:25:20 [main] INFO  Server - Команда add_to_history выполнена!
2025-04-04 11:25:20 [main] INFO  Server - Ответ успешно сериализован!
2025-04-04 11:25:20 [main] INFO  Server - Отправлен ответ серверу!
2025-04-04 11:25:23 [main] INFO  Server - Команда успешно десериализована!
2025-04-04 11:25:23 [main] INFO  Server - Команда add_to_history выполнена!
2025-04-04 11:25:23 [main] INFO  Server - Ответ успешно сериализован!
2025-04-04 11:25:23 [main] INFO  Server - Отправлен ответ серверу!
2025-04-04 11:25:23 [main] INFO  Server - Команда успешно десериализована!
2025-04-04 11:25:23 [main] INFO  Server - Команда history выполнена!
2025-04-04 11:25:23 [main] INFO  Server - Ответ успешно сериализован!
2025-04-04 11:25:23 [main] INFO  Server - Отправлен ответ серверу!
2025-04-04 11:25:52 [main] INFO  Server - Команда успешно десериализована!
2025-04-04 11:25:52 [main] INFO  Server - Команда add_to_history выполнена!
2025-04-04 11:25:52 [main] INFO  Server - Ответ успешно сериализован!
2025-04-04 11:25:52 [main] INFO  Server - Отправлен ответ серверу!
2025-04-04 12:49:48 [main] INFO  Server - Сервер успешно запущен!
2025-04-04 12:49:49 [main] INFO  Server - ----------------------------------------
2025-04-04 12:49:49 [main] INFO  Server - Файл успешно считан, коллекция загружена
2025-04-04 12:49:49 [main] INFO  Server - ----------------------------------------
2025-04-04 12:49:49 [main] INFO  Server - Сервер начал работать на 12345
2025-04-04 12:49:54 [main] INFO  Server - Команда успешно десериализована!
2025-04-04 12:49:54 [main] INFO  Server - Команда add_to_history выполнена!
2025-04-04 12:49:54 [main] INFO  Server - Ответ успешно сериализован!
2025-04-04 12:49:54 [main] INFO  Server - Отправлен ответ серверу!
2025-04-04 12:49:54 [main] INFO  Server - Команда успешно десериализована!
2025-04-04 12:49:54 [main] INFO  Server - Команда show выполнена!
2025-04-04 12:49:54 [main] INFO  Server - Ответ успешно сериализован!
2025-04-04 12:49:54 [main] INFO  Server - Отправлен ответ серверу!
2025-04-04 13:00:18 [main] INFO  Server - Сервер успешно запущен!
2025-04-04 13:00:18 [main] INFO  Server - ----------------------------------------
2025-04-04 13:00:18 [main] INFO  Server - Файл успешно считан, коллекция загружена
2025-04-04 13:00:18 [main] INFO  Server - ----------------------------------------
2025-04-04 13:00:18 [main] INFO  Server - Сервер начал работать на 12345
2025-04-04 13:00:18 [main] INFO  Server - Мой порт это - /[0:0:0:0:0:0:0:0]:12345
2025-04-04 13:11:07 [main] INFO  Server - Сервер успешно запущен!
2025-04-04 13:11:07 [main] INFO  Server - ----------------------------------------
2025-04-04 13:11:07 [main] INFO  Server - Файл успешно считан, коллекция загружена
2025-04-04 13:11:07 [main] INFO  Server - ----------------------------------------
2025-04-04 13:11:07 [main] INFO  Server - Сервер начал работать на 12345
2025-04-04 13:11:07 [main] INFO  Server - Мой порт это - /[0:0:0:0:0:0:0:0]:12345
2025-04-04 13:12:38 [main] INFO  Server - Сервер успешно запущен!
2025-04-04 13:12:38 [main] INFO  Server - ----------------------------------------
2025-04-04 13:12:38 [main] INFO  Server - Файл успешно считан, коллекция загружена
2025-04-04 13:12:38 [main] INFO  Server - ----------------------------------------
2025-04-04 13:12:38 [main] INFO  Server - Сервер начал работать на 12345
2025-04-04 13:12:43 [main] INFO  Server - Команда успешно десериализована!
2025-04-04 13:12:43 [main] INFO  Server - Команда add_to_history выполнена!
2025-04-04 13:12:43 [main] INFO  Server - Ответ успешно сериализован!
2025-04-04 13:12:43 [main] INFO  Server - Отправлен ответ серверу!
2025-04-04 13:12:43 [main] INFO  Server - Команда успешно десериализована!
2025-04-04 13:12:43 [main] INFO  Server - Команда show выполнена!
2025-04-04 13:12:43 [main] INFO  Server - Ответ успешно сериализован!
2025-04-04 13:12:43 [main] INFO  Server - Отправлен ответ серверу!
2025-04-04 13:15:58 [main] INFO  Server - Сервер успешно запущен!
2025-04-04 13:15:58 [main] INFO  Server - ----------------------------------------
2025-04-04 13:15:58 [main] INFO  Server - Файл успешно считан, коллекция загружена
2025-04-04 13:15:58 [main] INFO  Server - ----------------------------------------
2025-04-04 13:15:58 [main] INFO  Server - Сервер начал работать на 12345
2025-04-04 13:16:08 [main] INFO  Server - Команда успешно десериализована!
2025-04-04 13:16:08 [main] INFO  Server - Команда add_to_history выполнена!
2025-04-04 13:16:08 [main] INFO  Server - Ответ успешно сериализован!
2025-04-04 13:16:08 [main] INFO  Server - Отправлен ответ серверу!
2025-04-04 13:16:08 [main] INFO  Server - Команда успешно десериализована!
2025-04-04 13:16:08 [main] INFO  Server - Команда show выполнена!
2025-04-04 13:16:08 [main] INFO  Server - Ответ успешно сериализован!
2025-04-04 13:16:08 [main] INFO  Server - Отправлен ответ серверу!
2025-04-04 13:23:26 [main] INFO  Server - Сервер успешно запущен!
2025-04-04 13:23:26 [main] INFO  Server - ----------------------------------------
2025-04-04 13:23:26 [main] INFO  Server - Файл успешно считан, коллекция загружена
2025-04-04 13:23:26 [main] INFO  Server - ----------------------------------------
2025-04-04 13:23:26 [main] INFO  Server - Сервер начал работать на 12345
2025-04-04 13:23:32 [main] INFO  Server - Команда успешно десериализована!
2025-04-04 13:23:32 [main] INFO  Server - Команда add_to_history выполнена!
2025-04-04 13:23:32 [main] INFO  Server - Ответ успешно сериализован!
2025-04-04 13:23:32 [main] INFO  Server - Отправлен ответ серверу!
2025-04-04 13:23:32 [main] INFO  Server - Команда успешно десериализована!
2025-04-04 13:23:32 [main] INFO  Server - Команда show выполнена!
2025-04-04 13:23:32 [main] INFO  Server - Ответ успешно сериализован!
2025-04-04 13:23:32 [main] INFO  Server - Отправлен ответ серверу!
2025-04-04 14:15:58 [main] INFO  Server - Сервер успешно запущен!
2025-04-04 14:15:59 [main] INFO  Server - ----------------------------------------
2025-04-04 14:15:59 [main] INFO  Server - Файл успешно считан, коллекция загружена
2025-04-04 14:15:59 [main] INFO  Server - ----------------------------------------
2025-04-04 14:15:59 [main] INFO  Server - Сервер начал работать на 12345
2025-04-04 14:16:36 [main] INFO  Server - Сервер успешно запущен!
2025-04-04 14:16:36 [main] INFO  Server - ----------------------------------------
2025-04-04 14:16:36 [main] INFO  Server - Файл успешно считан, коллекция загружена
2025-04-04 14:16:36 [main] INFO  Server - ----------------------------------------
2025-04-04 14:16:36 [main] INFO  Server - Сервер начал работать на 12345
2025-04-04 20:14:17 [main] INFO  Server - Сервер успешно запущен!
2025-04-04 20:14:18 [main] INFO  Server - ----------------------------------------
2025-04-04 20:14:18 [main] INFO  Server - Файл успешно считан, коллекция загружена
2025-04-04 20:14:18 [main] INFO  Server - ----------------------------------------
2025-04-04 20:14:18 [main] INFO  Server - Сервер начал работать на 12345
2025-04-04 20:14:25 [main] INFO  Server - Команда успешно десериализована!
2025-04-04 20:14:25 [main] INFO  Server - Команда add_to_history выполнена!
2025-04-04 20:14:25 [main] INFO  Server - Ответ успешно сериализован!
2025-04-04 20:14:25 [main] INFO  Server - Отправлен ответ серверу!
2025-04-04 20:14:29 [main] INFO  Server - Команда успешно десериализована!
2025-04-04 20:14:29 [main] INFO  Server - Команда add_to_history выполнена!
2025-04-04 20:14:29 [main] INFO  Server - Ответ успешно сериализован!
2025-04-04 20:14:29 [main] INFO  Server - Отправлен ответ серверу!
2025-04-04 20:14:29 [main] INFO  Server - Команда успешно десериализована!
2025-04-04 20:14:29 [main] INFO  Server - Команда show выполнена!
2025-04-04 20:14:29 [main] INFO  Server - Ответ успешно сериализован!
2025-04-04 20:14:29 [main] INFO  Server - Отправлен ответ серверу!
2025-04-04 20:14:40 [main] INFO  Server - Команда успешно десериализована!
2025-04-04 20:14:40 [main] INFO  Server - Команда add_to_history выполнена!
2025-04-04 20:14:40 [main] INFO  Server - Ответ успешно сериализован!
2025-04-04 20:14:40 [main] INFO  Server - Отправлен ответ серверу!
2025-04-04 20:14:40 [main] INFO  Server - Команда успешно десериализована!
2025-04-04 20:14:40 [main] INFO  Server - Команда info выполнена!
2025-04-04 20:14:40 [main] INFO  Server - Ответ успешно сериализован!
2025-04-04 20:14:40 [main] INFO  Server - Отправлен ответ серверу!
2025-04-04 20:15:41 [main] INFO  Server - Сервер успешно запущен!
2025-04-04 20:15:41 [main] INFO  Server - ----------------------------------------
2025-04-04 20:15:41 [main] INFO  Server - Файл успешно считан, коллекция загружена
2025-04-04 20:15:41 [main] INFO  Server - ----------------------------------------
2025-04-04 20:15:41 [main] INFO  Server - Сервер начал работать на 12345
2025-04-04 20:15:48 [main] INFO  Server - Команда успешно десериализована!
2025-04-04 20:15:48 [main] INFO  Server - Команда add_to_history выполнена!
2025-04-04 20:15:48 [main] INFO  Server - Ответ успешно сериализован!
2025-04-04 20:15:48 [main] INFO  Server - Отправлен ответ серверу!
2025-04-04 20:15:48 [main] INFO  Server - Команда успешно десериализована!
2025-04-04 20:15:48 [main] INFO  Server - Команда show выполнена!
2025-04-04 20:15:48 [main] INFO  Server - Ответ успешно сериализован!
2025-04-04 20:15:48 [main] INFO  Server - Отправлен ответ серверу!
2025-04-04 20:15:51 [main] INFO  Server - Команда успешно десериализована!
2025-04-04 20:15:51 [main] INFO  Server - Команда add_to_history выполнена!
2025-04-04 20:15:51 [main] INFO  Server - Ответ успешно сериализован!
2025-04-04 20:15:51 [main] INFO  Server - Отправлен ответ серверу!
2025-04-04 20:15:53 [main] INFO  Server - Команда успешно десериализована!
2025-04-04 20:15:53 [main] INFO  Server - Команда add_to_history выполнена!
2025-04-04 20:15:53 [main] INFO  Server - Ответ успешно сериализован!
2025-04-04 20:15:53 [main] INFO  Server - Отправлен ответ серверу!
2025-04-04 20:15:54 [main] INFO  Server - Команда успешно десериализована!
2025-04-04 20:15:54 [main] INFO  Server - Команда add_to_history выполнена!
2025-04-04 20:15:54 [main] INFO  Server - Ответ успешно сериализован!
2025-04-04 20:15:54 [main] INFO  Server - Отправлен ответ серверу!
2025-04-04 20:15:55 [main] INFO  Server - Команда успешно десериализована!
2025-04-04 20:15:55 [main] INFO  Server - Команда add_to_history выполнена!
2025-04-04 20:15:55 [main] INFO  Server - Ответ успешно сериализован!
2025-04-04 20:15:55 [main] INFO  Server - Отправлен ответ серверу!
2025-04-04 20:15:57 [main] INFO  Server - Команда успешно десериализована!
2025-04-04 20:15:57 [main] INFO  Server - Команда add_to_history выполнена!
2025-04-04 20:15:57 [main] INFO  Server - Ответ успешно сериализован!
2025-04-04 20:15:57 [main] INFO  Server - Отправлен ответ серверу!
2025-04-04 20:26:49 [main] INFO  Server - Сервер успешно запущен!
2025-04-04 20:26:49 [main] INFO  Server - ----------------------------------------
2025-04-04 20:26:49 [main] INFO  Server - Файл успешно считан, коллекция загружена
2025-04-04 20:26:49 [main] INFO  Server - ----------------------------------------
2025-04-04 20:26:49 [main] INFO  Server - Сервер начал работать на 12345
2025-04-04 20:29:51 [main] INFO  Server - Сервер успешно запущен!
2025-04-04 20:29:51 [main] INFO  Server - ----------------------------------------
2025-04-04 20:29:51 [main] INFO  Server - Файл успешно считан, коллекция загружена
2025-04-04 20:29:51 [main] INFO  Server - ----------------------------------------
2025-04-04 20:29:51 [main] INFO  Server - Сервер начал работать на 12345
2025-04-04 20:34:28 [main] INFO  Server - Сервер успешно запущен!
2025-04-04 20:34:28 [main] INFO  Server - ----------------------------------------
2025-04-04 20:34:28 [main] INFO  Server - Файл успешно считан, коллекция загружена
2025-04-04 20:34:28 [main] INFO  Server - ----------------------------------------
2025-04-04 20:34:28 [main] INFO  Server - Сервер начал работать на 12345
2025-04-04 20:39:12 [main] INFO  Server - Сервер успешно запущен!
2025-04-04 20:39:12 [main] INFO  Server - ----------------------------------------
2025-04-04 20:39:12 [main] INFO  Server - Файл успешно считан, коллекция загружена
2025-04-04 20:39:12 [main] INFO  Server - ----------------------------------------
2025-04-04 20:39:12 [main] INFO  Server - Сервер начал работать на 12345
2025-04-04 20:43:58 [main] INFO  Server - Сервер успешно запущен!
2025-04-04 20:43:58 [main] INFO  Server - ----------------------------------------
2025-04-04 20:43:58 [main] INFO  Server - Файл успешно считан, коллекция загружена
2025-04-04 20:43:58 [main] INFO  Server - ----------------------------------------
2025-04-04 20:43:58 [main] INFO  Server - Сервер начал работать на 12345
2025-04-04 20:58:04 [main] INFO  Server - Сервер успешно запущен!
2025-04-04 20:58:04 [main] INFO  Server - ----------------------------------------
2025-04-04 20:58:04 [main] INFO  Server - Файл успешно считан, коллекция загружена
2025-04-04 20:58:04 [main] INFO  Server - ----------------------------------------
2025-04-04 20:58:05 [main] INFO  Server - Сервер начал работать на 12345
2025-04-04 20:58:19 [main] INFO  Server - Команда успешно десериализована!
2025-04-04 20:58:19 [main] INFO  Server - Команда add_to_history выполнена!
2025-04-04 20:58:19 [main] INFO  Server - Ответ успешно сериализован!
2025-04-04 20:58:19 [main] INFO  Server - Отправлен ответ серверу!
2025-04-04 20:58:19 [main] INFO  Server - Команда успешно десериализована!
2025-04-04 20:58:19 [main] INFO  Server - Команда show выполнена!
2025-04-04 20:58:19 [main] INFO  Server - Ответ успешно сериализован!
2025-04-04 20:58:19 [main] INFO  Server - Отправлен ответ серверу!
2025-04-04 20:58:23 [main] INFO  Server - Команда успешно десериализована!
2025-04-04 20:58:23 [main] INFO  Server - Команда add_to_history выполнена!
2025-04-04 20:58:23 [main] INFO  Server - Ответ успешно сериализован!
2025-04-04 20:58:23 [main] INFO  Server - Отправлен ответ серверу!
2025-04-04 20:59:04 [main] INFO  Server - Сервер успешно запущен!
2025-04-04 20:59:04 [main] INFO  Server - ----------------------------------------
2025-04-04 20:59:04 [main] INFO  Server - Файл успешно считан, коллекция загружена
2025-04-04 20:59:04 [main] INFO  Server - ----------------------------------------
2025-04-04 20:59:04 [main] INFO  Server - Сервер начал работать на 12345
2025-04-04 20:59:42 [main] INFO  Server - Команда успешно десериализована!
2025-04-04 20:59:42 [main] INFO  Server - Команда add_to_history выполнена!
2025-04-04 20:59:42 [main] INFO  Server - Ответ успешно сериализован!
2025-04-04 20:59:42 [main] INFO  Server - Отправлен ответ серверу!
2025-04-04 20:59:42 [main] INFO  Server - Команда успешно десериализована!
2025-04-04 20:59:42 [main] INFO  Server - Команда show выполнена!
2025-04-04 20:59:42 [main] INFO  Server - Ответ успешно сериализован!
2025-04-04 20:59:42 [main] INFO  Server - Отправлен ответ серверу!
2025-04-04 21:00:07 [main] INFO  Server - Команда успешно десериализована!
2025-04-04 21:00:07 [main] INFO  Server - Команда add_to_history выполнена!
2025-04-04 21:00:07 [main] INFO  Server - Ответ успешно сериализован!
2025-04-04 21:00:07 [main] INFO  Server - Отправлен ответ серверу!
2025-04-04 21:00:07 [main] INFO  Server - Команда успешно десериализована!
2025-04-04 21:00:07 [main] INFO  Server - Команда info выполнена!
2025-04-04 21:00:07 [main] INFO  Server - Ответ успешно сериализован!
2025-04-04 21:00:07 [main] INFO  Server - Отправлен ответ серверу!
2025-04-04 21:00:13 [main] INFO  Server - Команда успешно десериализована!
2025-04-04 21:00:13 [main] INFO  Server - Команда add_to_history выполнена!
2025-04-04 21:00:13 [main] INFO  Server - Ответ успешно сериализован!
2025-04-04 21:00:13 [main] INFO  Server - Отправлен ответ серверу!
2025-04-04 21:08:46 [main] INFO  Server - Сервер успешно запущен!
2025-04-04 21:08:46 [main] INFO  Server - ----------------------------------------
2025-04-04 21:08:46 [main] INFO  Server - Файл успешно считан, коллекция загружена
2025-04-04 21:08:46 [main] INFO  Server - ----------------------------------------
2025-04-04 21:08:46 [main] INFO  Server - Сервер начал работать на 12345
2025-04-04 21:08:58 [main] INFO  Server - Команда успешно десериализована!
2025-04-04 21:08:58 [main] INFO  Server - Команда add_to_history выполнена!
2025-04-04 21:08:58 [main] INFO  Server - Ответ успешно сериализован!
2025-04-04 21:08:58 [main] INFO  Server - Отправлен ответ серверу!
2025-04-04 21:08:58 [main] INFO  Server - Команда успешно десериализована!
2025-04-04 21:08:58 [main] INFO  Server - Команда show выполнена!
2025-04-04 21:08:58 [main] INFO  Server - Ответ успешно сериализован!
2025-04-04 21:08:58 [main] INFO  Server - Отправлен ответ серверу!
2025-04-04 21:09:11 [main] INFO  Server - Команда успешно десериализована!
2025-04-04 21:09:11 [main] INFO  Server - Команда add_to_history выполнена!
2025-04-04 21:09:11 [main] INFO  Server - Ответ успешно сериализован!
2025-04-04 21:09:11 [main] INFO  Server - Отправлен ответ серверу!
2025-04-04 21:14:11 [main] INFO  Server - Сервер успешно запущен!
2025-04-04 21:14:11 [main] INFO  Server - ----------------------------------------
2025-04-04 21:14:11 [main] INFO  Server - Файл успешно считан, коллекция загружена
2025-04-04 21:14:11 [main] INFO  Server - ----------------------------------------
2025-04-04 21:14:11 [main] INFO  Server - Сервер начал работать на 12345
2025-04-04 21:28:32 [main] INFO  Server - Сервер успешно запущен!
2025-04-04 21:28:32 [main] INFO  Server - ----------------------------------------
2025-04-04 21:28:32 [main] INFO  Server - Файл успешно считан, коллекция загружена
2025-04-04 21:28:32 [main] INFO  Server - ----------------------------------------
2025-04-04 21:28:32 [main] INFO  Server - Сервер начал работать на 12345
2025-04-04 21:28:51 [main] INFO  Server - Команда успешно десериализована!
2025-04-04 21:28:51 [main] INFO  Server - Команда add_to_history выполнена!
2025-04-04 21:28:51 [main] INFO  Server - Ответ успешно сериализован!
2025-04-04 21:28:51 [main] INFO  Server - Отправлен ответ серверу!
2025-04-04 21:28:51 [main] INFO  Server - Команда успешно десериализована!
2025-04-04 21:28:51 [main] INFO  Server - Команда show выполнена!
2025-04-04 21:28:51 [main] INFO  Server - Ответ успешно сериализован!
2025-04-04 21:28:51 [main] INFO  Server - Отправлен ответ серверу!
2025-04-04 22:10:58 [main] INFO  Server - Сервер успешно запущен!
2025-04-04 22:10:58 [main] INFO  Server - ----------------------------------------
2025-04-04 22:10:58 [main] INFO  Server - Файл успешно считан, коллекция загружена
2025-04-04 22:10:58 [main] INFO  Server - ----------------------------------------
2025-04-04 22:10:58 [main] INFO  Server - Сервер начал работать на 12345
2025-04-04 22:11:50 [main] INFO  Server - Команда успешно десериализована!
2025-04-04 22:11:50 [main] INFO  Server - Команда add_to_history выполнена!
2025-04-04 22:11:50 [main] INFO  Server - Ответ успешно сериализован!
2025-04-04 22:11:50 [main] INFO  Server - Отправлен ответ серверу!
2025-04-04 22:11:50 [main] INFO  Server - Команда успешно десериализована!
2025-04-04 22:11:50 [main] INFO  Server - Команда show выполнена!
2025-04-04 22:11:50 [main] INFO  Server - Ответ успешно сериализован!
2025-04-04 22:11:50 [main] INFO  Server - Отправлен ответ серверу!
2025-04-04 22:12:25 [main] INFO  Server - Команда успешно десериализована!
2025-04-04 22:12:25 [main] INFO  Server - Команда add_to_history выполнена!
2025-04-04 22:12:25 [main] INFO  Server - Ответ успешно сериализован!
2025-04-04 22:12:25 [main] INFO  Server - Отправлен ответ серверу!
2025-04-04 22:23:10 [main] INFO  Server - Сервер успешно запущен!
2025-04-04 22:23:10 [main] INFO  Server - ----------------------------------------
2025-04-04 22:23:10 [main] INFO  Server - Файл успешно считан, коллекция загружена
2025-04-04 22:23:10 [main] INFO  Server - ----------------------------------------
2025-04-04 22:23:10 [main] INFO  Server - Сервер начал работать на 12345
2025-04-04 23:13:04 [main] INFO  Server - Сервер успешно запущен!
2025-04-04 23:13:04 [main] INFO  Server - ----------------------------------------
2025-04-04 23:13:04 [main] INFO  Server - Файл успешно считан, коллекция загружена
2025-04-04 23:13:04 [main] INFO  Server - ----------------------------------------
2025-04-04 23:13:04 [main] INFO  Server - Сервер начал работать на 12345
2025-04-04 23:34:53 [main] INFO  Server - Сервер успешно запущен!
2025-04-04 23:34:53 [main] INFO  Server - ----------------------------------------
2025-04-04 23:34:53 [main] INFO  Server - Файл успешно считан, коллекция загружена
2025-04-04 23:34:53 [main] INFO  Server - ----------------------------------------
2025-04-04 23:34:53 [main] INFO  Server - Сервер запущен. IP: 26.236.74.1, порт: 12345
2025-04-04 23:35:19 [main] INFO  Server - Команда успешно десериализована!
2025-04-04 23:35:19 [main] INFO  Server - Команда add_to_history выполнена!
2025-04-04 23:35:19 [main] INFO  Server - Ответ успешно сериализован!
2025-04-04 23:35:19 [main] INFO  Server - Отправлен ответ серверу!
2025-04-04 23:35:19 [main] INFO  Server - Команда успешно десериализована!
2025-04-04 23:35:19 [main] INFO  Server - Команда show выполнена!
2025-04-04 23:35:19 [main] INFO  Server - Ответ успешно сериализован!
2025-04-04 23:35:19 [main] INFO  Server - Отправлен ответ серверу!
2025-04-04 23:36:16 [main] INFO  Server - Сервер успешно запущен!
2025-04-04 23:36:16 [main] INFO  Server - ----------------------------------------
2025-04-04 23:36:16 [main] INFO  Server - Файл успешно считан, коллекция загружена
2025-04-04 23:36:16 [main] INFO  Server - ----------------------------------------
2025-04-04 23:36:16 [main] INFO  Server - Сервер запущен. IP: 26.236.74.1, порт: 12345
2025-04-04 23:38:16 [main] INFO  Server - Сервер успешно запущен!
2025-04-04 23:38:16 [main] INFO  Server - ----------------------------------------
2025-04-04 23:38:16 [main] INFO  Server - Файл успешно считан, коллекция загружена
2025-04-04 23:38:16 [main] INFO  Server - ----------------------------------------
2025-04-04 23:38:16 [main] INFO  Server - Сервер запущен. IP: 172.29.128.1, порт: 12345
2025-04-04 23:39:02 [main] INFO  Server - Сервер успешно запущен!
2025-04-04 23:39:02 [main] INFO  Server - ----------------------------------------
2025-04-04 23:39:02 [main] INFO  Server - Файл успешно считан, коллекция загружена
2025-04-04 23:39:02 [main] INFO  Server - ----------------------------------------
2025-04-04 23:39:02 [main] INFO  Server - Сервер запущен. IP: 192.168.1.102, порт: 12345
2025-04-04 23:40:21 [main] INFO  Server - Сервер успешно запущен!
2025-04-04 23:40:21 [main] INFO  Server - ----------------------------------------
2025-04-04 23:40:21 [main] INFO  Server - Файл успешно считан, коллекция загружена
2025-04-04 23:40:21 [main] INFO  Server - ----------------------------------------
2025-04-04 23:40:21 [main] INFO  Server - Сервер запущен. IP: 192.168.1.102, порт: 12345
2025-04-04 23:40:36 [main] INFO  Server - Команда успешно десериализована!
2025-04-04 23:40:36 [main] INFO  Server - Команда add_to_history выполнена!
2025-04-04 23:40:36 [main] INFO  Server - Ответ успешно сериализован!
2025-04-04 23:40:36 [main] INFO  Server - Отправлен ответ серверу!
2025-04-04 23:40:36 [main] INFO  Server - Команда успешно десериализована!
2025-04-04 23:40:36 [main] INFO  Server - Команда show выполнена!
2025-04-04 23:40:36 [main] INFO  Server - Ответ успешно сериализован!
2025-04-04 23:40:36 [main] INFO  Server - Отправлен ответ серверу!
2025-04-04 23:40:48 [main] INFO  Server - Команда успешно десериализована!
2025-04-04 23:40:48 [main] INFO  Server - Команда add_to_history выполнена!
2025-04-04 23:40:48 [main] INFO  Server - Ответ успешно сериализован!
2025-04-04 23:40:48 [main] INFO  Server - Отправлен ответ серверу!
2025-04-04 23:40:59 [main] INFO  Server - Команда успешно десериализована!
2025-04-04 23:40:59 [main] INFO  Server - Команда add_to_history выполнена!
2025-04-04 23:40:59 [main] INFO  Server - Ответ успешно сериализован!
2025-04-04 23:40:59 [main] INFO  Server - Отправлен ответ серверу!
2025-04-04 23:40:59 [main] INFO  Server - Команда успешно десериализована!
2025-04-04 23:40:59 [main] INFO  Server - Команда history выполнена!
2025-04-04 23:40:59 [main] INFO  Server - Ответ успешно сериализован!
2025-04-04 23:40:59 [main] INFO  Server - Отправлен ответ серверу!
2025-04-04 23:43:46 [main] INFO  Server - Сервер успешно запущен!
2025-04-04 23:43:46 [main] INFO  Server - ----------------------------------------
2025-04-04 23:43:46 [main] INFO  Server - Файл успешно считан, коллекция загружена
2025-04-04 23:43:46 [main] INFO  Server - ----------------------------------------
2025-04-04 23:43:46 [main] INFO  Server - Сервер запущен. IP: 192.168.1.102, порт: 12345
2025-04-04 23:44:25 [main] INFO  Server - Команда успешно десериализована!
2025-04-04 23:44:25 [main] INFO  Server - Команда add_to_history выполнена!
2025-04-04 23:44:25 [main] INFO  Server - Ответ успешно сериализован!
2025-04-04 23:44:25 [main] INFO  Server - Отправлен ответ серверу!
2025-04-04 23:44:25 [main] INFO  Server - Команда успешно десериализована!
2025-04-04 23:44:25 [main] INFO  Server - Команда show выполнена!
2025-04-04 23:44:25 [main] INFO  Server - Ответ успешно сериализован!
2025-04-04 23:44:25 [main] INFO  Server - Отправлен ответ серверу!
2025-04-04 23:44:44 [main] INFO  Server - Команда успешно десериализована!
2025-04-04 23:44:44 [main] INFO  Server - Команда add_to_history выполнена!
2025-04-04 23:44:44 [main] INFO  Server - Ответ успешно сериализован!
2025-04-04 23:44:44 [main] INFO  Server - Отправлен ответ серверу!
2025-04-04 23:44:44 [main] INFO  Server - Команда успешно десериализована!
2025-04-04 23:44:44 [main] INFO  Server - Команда info выполнена!
2025-04-04 23:44:44 [main] INFO  Server - Ответ успешно сериализован!
2025-04-04 23:44:44 [main] INFO  Server - Отправлен ответ серверу!
2025-04-04 23:45:10 [main] INFO  Server - Команда успешно десериализована!
2025-04-04 23:45:10 [main] INFO  Server - Команда add_to_history выполнена!
2025-04-04 23:45:10 [main] INFO  Server - Ответ успешно сериализован!
2025-04-04 23:45:10 [main] INFO  Server - Отправлен ответ серверу!
