2025-04-03 22:56:59 [main] INFO  Server - Сервер успешно запущен!
2025-04-03 22:56:59 [main] INFO  Server - Server started on port 12345
2025-04-03 22:57:07 [main] INFO  Server - Команда успешно десериализована!
2025-04-03 22:57:07 [main] INFO  Server - Команда обработана!
2025-04-03 22:57:07 [main] INFO  Server - Ответ успешно сериализован!
2025-04-03 22:57:07 [main] INFO  Server - Отправлен ответ серверу!
2025-04-03 22:57:19 [main] INFO  Server - Команда успешно десериализована!
2025-04-03 22:57:19 [main] INFO  Server - Команда обработана!
2025-04-03 22:57:19 [main] INFO  Server - Ответ успешно сериализован!
2025-04-03 22:57:19 [main] INFO  Server - Отправлен ответ серверу!
2025-04-03 22:59:15 [main] INFO  Server - Сервер успешно запущен!
2025-04-03 22:59:15 [main] INFO  Server - Server started on port 12345
2025-04-03 22:59:20 [main] INFO  Server - Команда успешно десериализована!
2025-04-03 22:59:20 [main] INFO  Server - Команда обработана!
2025-04-03 22:59:20 [main] INFO  Server - Ответ успешно сериализован!
2025-04-03 22:59:20 [main] INFO  Server - Отправлен ответ серверу!
2025-04-03 22:59:24 [main] INFO  Server - Команда успешно десериализована!
2025-04-03 22:59:24 [main] INFO  Server - Команда обработана!
2025-04-03 22:59:24 [main] INFO  Server - Ответ успешно сериализован!
2025-04-03 22:59:24 [main] INFO  Server - Отправлен ответ серверу!
2025-04-03 23:03:04 [main] INFO  Server - Сервер успешно запущен!
2025-04-03 23:03:04 [main] INFO  Server - Server started on port 12345
2025-04-03 23:11:14 [main] INFO  Server - Команда успешно десериализована!
2025-04-03 23:11:14 [main] INFO  Server - Команда обработана!
2025-04-03 23:11:14 [main] INFO  Server - Ответ успешно сериализован!
2025-04-03 23:11:14 [main] INFO  Server - Отправлен ответ серверу!
2025-04-03 23:15:00 [main] INFO  Server - Команда успешно десериализована!
2025-04-03 23:15:00 [main] INFO  Server - Команда обработана!
2025-04-03 23:15:00 [main] INFO  Server - Ответ успешно сериализован!
2025-04-03 23:15:00 [main] INFO  Server - Отправлен ответ серверу!
2025-04-03 23:15:03 [main] INFO  Server - Команда успешно десериализована!
2025-04-03 23:17:38 [main] INFO  Server - Сервер успешно запущен!
2025-04-03 23:17:38 [main] INFO  Server - Server started on port 12345
2025-04-03 23:17:42 [main] INFO  Server - Команда успешно десериализована!
2025-04-03 23:17:42 [main] INFO  Server - Команда обработана!
2025-04-03 23:17:42 [main] INFO  Server - Ответ успешно сериализован!
2025-04-03 23:17:42 [main] INFO  Server - Отправлен ответ серверу!
