2025-04-08 00:04:54 [main] ERROR Server - -----------------------
2025-04-08 00:04:54 [main] ERROR Server - Ошибка доступа к файлу
2025-04-08 00:04:54 [main] ERROR Server - -----------------------
2025-04-08 00:04:54 [main] INFO  Server - Сервер запущен. IP: 172.29.128.1, порт: 12345
2025-04-08 00:05:01 [main] INFO  Server - Команда успешно десериализована!
2025-04-08 00:05:01 [main] INFO  Server - Команда add_to_history выполнена!
2025-04-08 00:05:01 [main] INFO  Server - Ответ успешно сериализован!
2025-04-08 00:05:01 [main] INFO  Server - Отправлен ответ серверу!
2025-04-08 00:05:04 [main] INFO  Server - Команда успешно десериализована!
2025-04-08 00:05:04 [main] INFO  Server - Команда add_to_history выполнена!
2025-04-08 00:05:04 [main] INFO  Server - Ответ успешно сериализован!
2025-04-08 00:05:04 [main] INFO  Server - Отправлен ответ серверу!
2025-04-08 00:05:04 [main] INFO  Server - Команда успешно десериализована!
2025-04-08 00:05:04 [main] INFO  Server - Команда show выполнена!
2025-04-08 00:05:04 [main] INFO  Server - Ответ успешно сериализован!
2025-04-08 00:05:04 [main] INFO  Server - Отправлен ответ серверу!
2025-04-08 14:00:21 [main] ERROR Server - -----------------------
2025-04-08 14:00:21 [main] ERROR Server - Ошибка доступа к файлу
2025-04-08 14:00:21 [main] ERROR Server - -----------------------
2025-04-08 14:00:21 [main] INFO  Server - Сервер запущен. IP: 172.29.128.1, порт: 12345
2025-04-08 14:01:30 [main] INFO  Server - Команда успешно десериализована!
2025-04-08 14:01:30 [main] INFO  Server - Команда add_to_history выполнена!
2025-04-08 14:01:30 [main] INFO  Server - Ответ успешно сериализован!
2025-04-08 14:01:30 [main] INFO  Server - Отправлен ответ серверу!
2025-04-08 14:01:30 [main] INFO  Server - Команда успешно десериализована!
2025-04-08 14:01:30 [main] INFO  Server - Команда show выполнена!
2025-04-08 14:01:30 [main] INFO  Server - Ответ успешно сериализован!
2025-04-08 14:01:30 [main] INFO  Server - Отправлен ответ серверу!
2025-04-08 14:01:35 [main] INFO  Server - Команда успешно десериализована!
2025-04-08 14:01:35 [main] INFO  Server - Команда add_to_history выполнена!
2025-04-08 14:01:35 [main] INFO  Server - Ответ успешно сериализован!
2025-04-08 14:01:35 [main] INFO  Server - Отправлен ответ серверу!
2025-04-08 14:01:36 [main] INFO  Server - Команда успешно десериализована!
2025-04-08 14:01:36 [main] INFO  Server - Команда show выполнена!
2025-04-08 14:01:36 [main] INFO  Server - Ответ успешно сериализован!
2025-04-08 14:01:36 [main] INFO  Server - Отправлен ответ серверу!
2025-04-08 14:01:40 [main] INFO  Server - Команда успешно десериализована!
2025-04-08 14:01:40 [main] INFO  Server - Команда add_to_history выполнена!
2025-04-08 14:01:40 [main] INFO  Server - Ответ успешно сериализован!
2025-04-08 14:01:40 [main] INFO  Server - Отправлен ответ серверу!
2025-04-08 14:01:52 [main] INFO  Server - Команда успешно десериализована!
2025-04-08 14:01:52 [main] INFO  Server - Команда add выполнена!
2025-04-08 14:01:52 [main] INFO  Server - Ответ успешно сериализован!
2025-04-08 14:01:52 [main] INFO  Server - Отправлен ответ серверу!
2025-04-08 14:01:57 [main] INFO  Server - Команда успешно десериализована!
2025-04-08 14:01:57 [main] INFO  Server - Команда add_to_history выполнена!
2025-04-08 14:01:57 [main] INFO  Server - Ответ успешно сериализован!
2025-04-08 14:01:57 [main] INFO  Server - Отправлен ответ серверу!
2025-04-08 14:01:57 [main] INFO  Server - Команда успешно десериализована!
2025-04-08 14:01:57 [main] INFO  Server - Команда show выполнена!
2025-04-08 14:01:57 [main] INFO  Server - Ответ успешно сериализован!
2025-04-08 14:01:57 [main] INFO  Server - Отправлен ответ серверу!
